mode: set
github.com/jwmu/VRRP-go/test.go:16.13,19.2 2 0
github.com/jwmu/VRRP-go/test.go:21.13,24.16 3 0
github.com/jwmu/VRRP-go/test.go:24.16,27.3 2 0
github.com/jwmu/VRRP-go/test.go:28.2,29.42 2 0
github.com/jwmu/VRRP-go/test.go:29.42,31.3 1 0
github.com/jwmu/VRRP-go/test.go:32.2,32.40 1 0
github.com/jwmu/VRRP-go/test.go:32.40,34.3 1 0
github.com/jwmu/VRRP-go/test.go:35.2,35.42 1 0
github.com/jwmu/VRRP-go/test.go:35.42,37.3 1 0
github.com/jwmu/VRRP-go/test.go:38.2,38.12 1 0
github.com/jwmu/VRRP-go/test.go:38.12,41.3 2 0
github.com/jwmu/VRRP-go/test.go:42.2,42.29 1 0
github.com/jwmu/VRRP-go/logger/Logger.go:15.43,17.20 2 1
github.com/jwmu/VRRP-go/logger/Logger.go:17.20,19.3 1 1
github.com/jwmu/VRRP-go/logger/Logger.go:22.40,24.2 1 1
github.com/jwmu/VRRP-go/logger/Logger.go:26.74,27.21 1 1
github.com/jwmu/VRRP-go/logger/Logger.go:27.21,29.3 1 1
github.com/jwmu/VRRP-go/logger/Logger.go:29.8,31.21 2 1
github.com/jwmu/VRRP-go/logger/Logger.go:31.21,32.36 1 1
github.com/jwmu/VRRP-go/logger/Logger.go:38.38,39.14 1 1
github.com/jwmu/VRRP-go/logger/Logger.go:39.14,41.3 1 1
github.com/jwmu/VRRP-go/logger/Logger.go:41.8,43.3 1 1
github.com/jwmu/VRRP-go/logger/Logger.go:48.13,51.2 2 1
github.com/jwmu/VRRP-go/vrrp/NetWork.go:53.98,62.2 4 1
github.com/jwmu/VRRP-go/vrrp/NetWork.go:64.36,67.30 3 1
github.com/jwmu/VRRP-go/vrrp/NetWork.go:67.30,69.49 2 1
github.com/jwmu/VRRP-go/vrrp/NetWork.go:69.49,70.65 1 1
github.com/jwmu/VRRP-go/vrrp/NetWork.go:70.65,72.5 1 1
github.com/jwmu/VRRP-go/vrrp/NetWork.go:74.3,75.17 2 1
github.com/jwmu/VRRP-go/vrrp/NetWork.go:75.17,77.4 1 1
github.com/jwmu/VRRP-go/vrrp/NetWork.go:81.64,84.14 2 1
github.com/jwmu/VRRP-go/vrrp/NetWork.go:84.14,88.3 3 1
github.com/jwmu/VRRP-go/vrrp/NetWork.go:89.2,91.12 3 1
github.com/jwmu/VRRP-go/vrrp/NetWork.go:94.74,98.2 3 1
github.com/jwmu/VRRP-go/vrrp/NetWork.go:100.66,104.2 3 1
github.com/jwmu/VRRP-go/vrrp/NetWork.go:106.44,108.14 2 1
github.com/jwmu/VRRP-go/vrrp/NetWork.go:108.14,111.3 2 1
github.com/jwmu/VRRP-go/vrrp/NetWork.go:112.2,117.25 5 1
github.com/jwmu/VRRP-go/vrrp/NetWork.go:120.50,125.2 2 1
github.com/jwmu/VRRP-go/vrrp/NetWork.go:127.91,128.18 1 0
github.com/jwmu/VRRP-go/vrrp/NetWork.go:128.18,130.3 1 0
github.com/jwmu/VRRP-go/vrrp/NetWork.go:131.2,131.46 1 0
github.com/jwmu/VRRP-go/vrrp/NetWork.go:131.46,133.3 1 0
github.com/jwmu/VRRP-go/vrrp/NetWork.go:134.2,135.16 2 0
github.com/jwmu/VRRP-go/vrrp/NetWork.go:135.16,137.3 1 0
github.com/jwmu/VRRP-go/vrrp/NetWork.go:138.2,140.17 3 0
github.com/jwmu/VRRP-go/vrrp/NetWork.go:143.67,144.46 1 0
github.com/jwmu/VRRP-go/vrrp/NetWork.go:144.46,145.19 1 0
github.com/jwmu/VRRP-go/vrrp/NetWork.go:145.19,148.4 2 0
github.com/jwmu/VRRP-go/vrrp/NetWork.go:149.3,151.38 3 0
github.com/jwmu/VRRP-go/vrrp/NetWork.go:151.38,154.4 2 0
github.com/jwmu/VRRP-go/vrrp/NetWork.go:155.3,156.17 2 0
github.com/jwmu/VRRP-go/vrrp/NetWork.go:156.17,159.4 2 0
github.com/jwmu/VRRP-go/vrrp/NetWork.go:160.3,170.78 2 0
github.com/jwmu/VRRP-go/vrrp/NetWork.go:170.78,173.4 2 0
github.com/jwmu/VRRP-go/vrrp/NetWork.go:174.3,174.121 1 0
github.com/jwmu/VRRP-go/vrrp/NetWork.go:177.2,177.12 1 0
github.com/jwmu/VRRP-go/vrrp/NetWork.go:180.44,182.39 2 1
github.com/jwmu/VRRP-go/vrrp/NetWork.go:182.39,183.57 1 0
github.com/jwmu/VRRP-go/vrrp/NetWork.go:183.57,185.4 1 0
github.com/jwmu/VRRP-go/vrrp/NetWork.go:186.3,186.29 1 0
github.com/jwmu/VRRP-go/vrrp/NetWork.go:188.2,188.17 1 1
github.com/jwmu/VRRP-go/vrrp/NetWork.go:192.157,203.19 10 1
github.com/jwmu/VRRP-go/vrrp/NetWork.go:204.28,205.42 1 1
github.com/jwmu/VRRP-go/vrrp/NetWork.go:206.26,207.40 1 1
github.com/jwmu/VRRP-go/vrrp/NetWork.go:208.10,209.119 1 0
github.com/jwmu/VRRP-go/vrrp/NetWork.go:212.2,212.21 1 1
github.com/jwmu/VRRP-go/vrrp/NetWork.go:216.67,217.44 1 0
github.com/jwmu/VRRP-go/vrrp/NetWork.go:217.44,218.19 1 0
github.com/jwmu/VRRP-go/vrrp/NetWork.go:218.19,221.4 2 0
github.com/jwmu/VRRP-go/vrrp/NetWork.go:222.3,223.17 2 0
github.com/jwmu/VRRP-go/vrrp/NetWork.go:223.17,226.4 2 0
github.com/jwmu/VRRP-go/vrrp/NetWork.go:228.3,229.44 2 0
github.com/jwmu/VRRP-go/vrrp/NetWork.go:229.44,231.18 2 0
github.com/jwmu/VRRP-go/vrrp/NetWork.go:231.18,233.5 1 0
github.com/jwmu/VRRP-go/vrrp/NetWork.go:234.4,235.18 2 0
github.com/jwmu/VRRP-go/vrrp/NetWork.go:235.18,237.5 1 0
github.com/jwmu/VRRP-go/vrrp/NetWork.go:239.3,239.120 1 0
github.com/jwmu/VRRP-go/vrrp/NetWork.go:241.2,241.12 1 0
github.com/jwmu/VRRP-go/vrrp/NetWork.go:244.48,249.2 2 1
github.com/jwmu/VRRP-go/vrrp/NetWork.go:251.44,254.40 3 1
github.com/jwmu/VRRP-go/vrrp/NetWork.go:254.40,257.3 2 0
github.com/jwmu/VRRP-go/vrrp/NetWork.go:258.2,261.33 3 1
github.com/jwmu/VRRP-go/vrrp/NetWork.go:261.33,262.59 1 0
github.com/jwmu/VRRP-go/vrrp/NetWork.go:262.59,264.4 1 0
github.com/jwmu/VRRP-go/vrrp/NetWork.go:266.2,266.17 1 1
github.com/jwmu/VRRP-go/vrrp/NetWork.go:269.135,270.18 1 0
github.com/jwmu/VRRP-go/vrrp/NetWork.go:270.18,272.3 1 0
github.com/jwmu/VRRP-go/vrrp/NetWork.go:273.2,274.47 2 0
github.com/jwmu/VRRP-go/vrrp/NetWork.go:274.47,278.3 3 0
github.com/jwmu/VRRP-go/vrrp/NetWork.go:279.2,282.16 3 0
github.com/jwmu/VRRP-go/vrrp/NetWork.go:282.16,284.3 1 0
github.com/jwmu/VRRP-go/vrrp/NetWork.go:285.2,289.49 4 0
github.com/jwmu/VRRP-go/vrrp/NetWork.go:289.49,292.40 3 0
github.com/jwmu/VRRP-go/vrrp/NetWork.go:292.40,294.4 1 0
github.com/jwmu/VRRP-go/vrrp/NetWork.go:295.3,295.23 1 0
github.com/jwmu/VRRP-go/vrrp/NetWork.go:297.2,299.20 3 0
github.com/jwmu/VRRP-go/vrrp/NetWork.go:322.62,328.32 3 0
github.com/jwmu/VRRP-go/vrrp/NetWork.go:328.32,330.23 2 0
github.com/jwmu/VRRP-go/vrrp/NetWork.go:330.23,332.4 1 0
github.com/jwmu/VRRP-go/vrrp/NetWork.go:333.3,333.87 1 0
github.com/jwmu/VRRP-go/vrrp/NetWork.go:334.8,336.3 1 0
github.com/jwmu/VRRP-go/vrrp/NetWork.go:337.2,337.26 1 0
github.com/jwmu/VRRP-go/vrrp/NetWork.go:337.26,339.3 1 0
github.com/jwmu/VRRP-go/vrrp/NetWork.go:340.2,341.23 2 0
github.com/jwmu/VRRP-go/vrrp/NetWork.go:341.23,343.3 1 0
github.com/jwmu/VRRP-go/vrrp/NetWork.go:344.2,345.25 2 0
github.com/jwmu/VRRP-go/vrrp/NetWork.go:345.25,348.147 1 0
github.com/jwmu/VRRP-go/vrrp/NetWork.go:348.147,350.4 1 0
github.com/jwmu/VRRP-go/vrrp/NetWork.go:352.3,352.116 1 0
github.com/jwmu/VRRP-go/vrrp/NetWork.go:352.116,354.4 1 0
github.com/jwmu/VRRP-go/vrrp/NetWork.go:356.3,356.129 1 0
github.com/jwmu/VRRP-go/vrrp/NetWork.go:356.129,358.4 1 0
github.com/jwmu/VRRP-go/vrrp/NetWork.go:359.8,362.143 1 0
github.com/jwmu/VRRP-go/vrrp/NetWork.go:362.143,364.4 1 0
github.com/jwmu/VRRP-go/vrrp/NetWork.go:366.3,366.133 1 0
github.com/jwmu/VRRP-go/vrrp/NetWork.go:366.133,368.4 1 0
github.com/jwmu/VRRP-go/vrrp/NetWork.go:370.3,370.113 1 0
github.com/jwmu/VRRP-go/vrrp/NetWork.go:370.113,372.4 1 0
github.com/jwmu/VRRP-go/vrrp/NetWork.go:373.3,373.112 1 0
github.com/jwmu/VRRP-go/vrrp/NetWork.go:373.112,375.4 1 0
github.com/jwmu/VRRP-go/vrrp/NetWork.go:378.2,379.18 2 0
github.com/jwmu/VRRP-go/vrrp/NetWork.go:382.70,384.26 2 0
github.com/jwmu/VRRP-go/vrrp/NetWork.go:384.26,386.3 1 0
github.com/jwmu/VRRP-go/vrrp/NetWork.go:387.2,388.23 2 0
github.com/jwmu/VRRP-go/vrrp/NetWork.go:388.23,390.3 1 0
github.com/jwmu/VRRP-go/vrrp/NetWork.go:391.2,398.130 5 0
github.com/jwmu/VRRP-go/vrrp/NetWork.go:398.130,400.3 1 0
github.com/jwmu/VRRP-go/vrrp/NetWork.go:401.2,401.18 1 0
github.com/jwmu/VRRP-go/vrrp/NetWork.go:404.74,406.23 2 0
github.com/jwmu/VRRP-go/vrrp/NetWork.go:406.23,408.3 1 0
github.com/jwmu/VRRP-go/vrrp/NetWork.go:409.2,413.23 5 0
github.com/jwmu/VRRP-go/vrrp/NetWork.go:413.23,415.3 1 0
github.com/jwmu/VRRP-go/vrrp/NetWork.go:416.2,417.136 2 0
github.com/jwmu/VRRP-go/vrrp/NetWork.go:417.136,419.3 1 0
github.com/jwmu/VRRP-go/vrrp/NetWork.go:420.2,421.12 2 0
github.com/jwmu/VRRP-go/vrrp/NetWork.go:424.71,426.16 2 0
github.com/jwmu/VRRP-go/vrrp/NetWork.go:426.16,428.3 1 0
github.com/jwmu/VRRP-go/vrrp/NetWork.go:429.2,430.16 2 0
github.com/jwmu/VRRP-go/vrrp/NetWork.go:430.16,433.3 2 0
github.com/jwmu/VRRP-go/vrrp/NetWork.go:434.2,441.8 1 0
github.com/jwmu/VRRP-go/vrrp/NetWork.go:445.69,447.16 2 0
github.com/jwmu/VRRP-go/vrrp/NetWork.go:447.16,449.3 1 0
github.com/jwmu/VRRP-go/vrrp/NetWork.go:450.2,451.16 2 0
github.com/jwmu/VRRP-go/vrrp/NetWork.go:451.16,454.3 2 0
github.com/jwmu/VRRP-go/vrrp/NetWork.go:455.2,462.8 1 0
github.com/jwmu/VRRP-go/vrrp/NetWork.go:465.61,466.96 1 0
github.com/jwmu/VRRP-go/vrrp/NetWork.go:466.96,468.3 1 0
github.com/jwmu/VRRP-go/vrrp/NetWork.go:469.2,469.12 1 0
github.com/jwmu/VRRP-go/vrrp/NetWork.go:472.76,473.89 1 0
github.com/jwmu/VRRP-go/vrrp/NetWork.go:473.89,475.3 1 0
github.com/jwmu/VRRP-go/vrrp/NetWork.go:476.2,476.12 1 0
github.com/jwmu/VRRP-go/vrrp/NetWork.go:479.57,481.22 2 0
github.com/jwmu/VRRP-go/vrrp/NetWork.go:481.22,483.3 1 0
github.com/jwmu/VRRP-go/vrrp/NetWork.go:484.2,484.12 1 0
github.com/jwmu/VRRP-go/vrrp/NetWork.go:484.12,486.3 1 0
github.com/jwmu/VRRP-go/vrrp/NetWork.go:487.2,488.16 2 0
github.com/jwmu/VRRP-go/vrrp/NetWork.go:488.16,490.3 1 0
github.com/jwmu/VRRP-go/vrrp/NetWork.go:491.2,491.48 1 0
github.com/jwmu/VRRP-go/vrrp/NetWork.go:491.48,493.3 1 0
github.com/jwmu/VRRP-go/vrrp/NetWork.go:494.2,494.100 1 0
github.com/jwmu/VRRP-go/vrrp/NetWork.go:494.100,496.3 1 0
github.com/jwmu/VRRP-go/vrrp/NetWork.go:496.8,497.56 1 0
github.com/jwmu/VRRP-go/vrrp/NetWork.go:497.56,499.4 1 0
github.com/jwmu/VRRP-go/vrrp/NetWork.go:500.3,505.46 6 0
github.com/jwmu/VRRP-go/vrrp/NetWork.go:505.46,507.4 1 0
github.com/jwmu/VRRP-go/vrrp/NetWork.go:507.9,510.4 2 0
github.com/jwmu/VRRP-go/vrrp/NetWork.go:514.36,516.27 2 0
github.com/jwmu/VRRP-go/vrrp/NetWork.go:516.27,517.26 1 0
github.com/jwmu/VRRP-go/vrrp/NetWork.go:517.26,518.66 1 0
github.com/jwmu/VRRP-go/vrrp/NetWork.go:518.66,520.5 1 0
github.com/jwmu/VRRP-go/vrrp/NetWork.go:522.3,522.29 1 0
github.com/jwmu/VRRP-go/vrrp/NetWork.go:522.29,523.69 1 0
github.com/jwmu/VRRP-go/vrrp/NetWork.go:523.69,525.5 1 0
github.com/jwmu/VRRP-go/vrrp/NetWork.go:528.2,528.17 1 0
github.com/jwmu/VRRP-go/vrrp/NetWork.go:531.70,533.16 2 0
github.com/jwmu/VRRP-go/vrrp/NetWork.go:533.16,535.3 1 0
github.com/jwmu/VRRP-go/vrrp/NetWork.go:536.2,536.67 1 0
github.com/jwmu/VRRP-go/vrrp/NetWork.go:536.67,539.3 2 0
github.com/jwmu/VRRP-go/vrrp/NetWork.go:540.2,546.8 1 0
github.com/jwmu/VRRP-go/vrrp/NetWork.go:549.68,551.16 2 0
github.com/jwmu/VRRP-go/vrrp/NetWork.go:551.16,553.3 1 0
github.com/jwmu/VRRP-go/vrrp/NetWork.go:554.2,561.8 1 0
github.com/jwmu/VRRP-go/vrrp/NetWork.go:564.60,565.106 1 0
github.com/jwmu/VRRP-go/vrrp/NetWork.go:565.106,567.3 1 0
github.com/jwmu/VRRP-go/vrrp/NetWork.go:568.2,568.12 1 0
github.com/jwmu/VRRP-go/vrrp/NetWork.go:571.75,572.100 1 0
github.com/jwmu/VRRP-go/vrrp/NetWork.go:572.100,574.3 1 0
github.com/jwmu/VRRP-go/vrrp/NetWork.go:575.2,575.12 1 0
github.com/jwmu/VRRP-go/vrrp/NetWork.go:578.56,580.22 2 0
github.com/jwmu/VRRP-go/vrrp/NetWork.go:580.22,582.3 1 0
github.com/jwmu/VRRP-go/vrrp/NetWork.go:583.2,584.26 2 0
github.com/jwmu/VRRP-go/vrrp/NetWork.go:584.26,586.3 1 0
github.com/jwmu/VRRP-go/vrrp/NetWork.go:587.2,592.29 2 0
github.com/jwmu/VRRP-go/vrrp/NetWork.go:592.29,593.58 1 0
github.com/jwmu/VRRP-go/vrrp/NetWork.go:593.58,594.12 1 0
github.com/jwmu/VRRP-go/vrrp/NetWork.go:596.3,596.37 1 0
github.com/jwmu/VRRP-go/vrrp/NetWork.go:597.34,598.37 1 0
github.com/jwmu/VRRP-go/vrrp/NetWork.go:598.37,600.5 1 0
github.com/jwmu/VRRP-go/vrrp/NetWork.go:601.4,602.17 2 0
github.com/jwmu/VRRP-go/vrrp/NetWork.go:603.33,604.37 1 0
github.com/jwmu/VRRP-go/vrrp/NetWork.go:604.37,606.5 1 0
github.com/jwmu/VRRP-go/vrrp/NetWork.go:607.4,607.42 1 0
github.com/jwmu/VRRP-go/vrrp/NetWork.go:610.2,610.21 1 0
github.com/jwmu/VRRP-go/vrrp/NetWork.go:610.21,612.3 1 0
github.com/jwmu/VRRP-go/vrrp/NetWork.go:613.2,613.16 1 0
github.com/jwmu/VRRP-go/vrrp/NetWork.go:613.16,615.3 1 0
github.com/jwmu/VRRP-go/vrrp/NetWork.go:616.2,623.27 3 0
github.com/jwmu/VRRP-go/vrrp/NetWork.go:623.27,625.3 1 0
github.com/jwmu/VRRP-go/vrrp/NetWork.go:626.2,626.16 1 0
github.com/jwmu/VRRP-go/vrrp/NetWork.go:626.16,628.3 1 0
github.com/jwmu/VRRP-go/vrrp/NetWork.go:629.2,629.55 1 0
github.com/jwmu/VRRP-go/vrrp/NetWork.go:629.55,631.3 1 0
github.com/jwmu/VRRP-go/vrrp/NetWork.go:632.2,632.45 1 0
github.com/jwmu/VRRP-go/vrrp/NetWork.go:632.45,634.3 1 0
github.com/jwmu/VRRP-go/vrrp/NetWork.go:635.2,636.27 2 0
github.com/jwmu/VRRP-go/vrrp/NetWork.go:639.35,641.26 2 0
github.com/jwmu/VRRP-go/vrrp/NetWork.go:641.26,642.21 1 0
github.com/jwmu/VRRP-go/vrrp/NetWork.go:642.21,643.42 1 0
github.com/jwmu/VRRP-go/vrrp/NetWork.go:643.42,645.5 1 0
github.com/jwmu/VRRP-go/vrrp/NetWork.go:648.2,648.17 1 0
github.com/jwmu/VRRP-go/vrrp/NetWork.go:651.71,653.27 2 0
github.com/jwmu/VRRP-go/vrrp/NetWork.go:653.27,655.3 1 0
github.com/jwmu/VRRP-go/vrrp/NetWork.go:656.2,656.27 1 0
github.com/jwmu/VRRP-go/vrrp/NetWork.go:656.27,658.26 2 0
github.com/jwmu/VRRP-go/vrrp/NetWork.go:658.26,660.4 1 0
github.com/jwmu/VRRP-go/vrrp/NetWork.go:661.3,661.19 1 0
github.com/jwmu/VRRP-go/vrrp/NetWork.go:661.19,662.27 1 0
github.com/jwmu/VRRP-go/vrrp/NetWork.go:662.27,663.33 1 0
github.com/jwmu/VRRP-go/vrrp/NetWork.go:663.33,665.6 1 0
github.com/jwmu/VRRP-go/vrrp/NetWork.go:667.9,668.27 1 0
github.com/jwmu/VRRP-go/vrrp/NetWork.go:668.27,669.36 1 0
github.com/jwmu/VRRP-go/vrrp/NetWork.go:669.36,671.6 1 0
github.com/jwmu/VRRP-go/vrrp/NetWork.go:675.2,675.90 1 0
github.com/jwmu/VRRP-go/vrrp/NetWork.go:678.59,679.77 1 0
github.com/jwmu/VRRP-go/vrrp/NetWork.go:679.77,681.3 1 0
github.com/jwmu/VRRP-go/vrrp/NetWork.go:681.8,682.27 1 0
github.com/jwmu/VRRP-go/vrrp/NetWork.go:682.27,683.75 1 0
github.com/jwmu/VRRP-go/vrrp/NetWork.go:683.75,685.5 1 0
github.com/jwmu/VRRP-go/vrrp/NetWork.go:685.10,686.31 1 0
github.com/jwmu/VRRP-go/vrrp/NetWork.go:686.31,688.29 2 0
github.com/jwmu/VRRP-go/vrrp/NetWork.go:688.29,690.7 1 0
github.com/jwmu/VRRP-go/vrrp/NetWork.go:691.6,691.26 1 0
github.com/jwmu/VRRP-go/vrrp/NetWork.go:691.26,693.7 1 0
github.com/jwmu/VRRP-go/vrrp/NetWork.go:699.2,699.95 1 0
github.com/jwmu/VRRP-go/vrrp/VRRPPacket.go:24.43,30.2 5 1
github.com/jwmu/VRRP-go/vrrp/VRRPPacket.go:32.70,33.21 1 1
github.com/jwmu/VRRP-go/vrrp/VRRPPacket.go:33.21,35.3 1 1
github.com/jwmu/VRRP-go/vrrp/VRRPPacket.go:36.2,40.21 4 1
github.com/jwmu/VRRP-go/vrrp/VRRPPacket.go:41.9,41.9 0 1
github.com/jwmu/VRRP-go/vrrp/VRRPPacket.go:42.9,43.34 1 1
github.com/jwmu/VRRP-go/vrrp/VRRPPacket.go:44.10,45.64 1 1
github.com/jwmu/VRRP-go/vrrp/VRRPPacket.go:49.2,50.31 2 1
github.com/jwmu/VRRP-go/vrrp/VRRPPacket.go:50.31,52.3 1 1
github.com/jwmu/VRRP-go/vrrp/VRRPPacket.go:54.2,54.36 1 1
github.com/jwmu/VRRP-go/vrrp/VRRPPacket.go:54.36,58.3 3 1
github.com/jwmu/VRRP-go/vrrp/VRRPPacket.go:59.2,59.21 1 1
github.com/jwmu/VRRP-go/vrrp/VRRPPacket.go:62.70,63.17 1 1
github.com/jwmu/VRRP-go/vrrp/VRRPPacket.go:64.9,65.41 1 1
github.com/jwmu/VRRP-go/vrrp/VRRPPacket.go:65.41,67.4 1 1
github.com/jwmu/VRRP-go/vrrp/VRRPPacket.go:68.9,70.30 2 1
github.com/jwmu/VRRP-go/vrrp/VRRPPacket.go:70.30,72.27 2 1
github.com/jwmu/VRRP-go/vrrp/VRRPPacket.go:72.27,74.5 1 1
github.com/jwmu/VRRP-go/vrrp/VRRPPacket.go:75.4,75.29 1 1
github.com/jwmu/VRRP-go/vrrp/VRRPPacket.go:78.2,78.14 1 1
github.com/jwmu/VRRP-go/vrrp/VRRPPacket.go:81.64,82.38 1 1
github.com/jwmu/VRRP-go/vrrp/VRRPPacket.go:82.38,85.3 1 1
github.com/jwmu/VRRP-go/vrrp/VRRPPacket.go:86.2,86.17 1 1
github.com/jwmu/VRRP-go/vrrp/VRRPPacket.go:87.9,89.57 2 1
github.com/jwmu/VRRP-go/vrrp/VRRPPacket.go:90.9,91.38 1 1
github.com/jwmu/VRRP-go/vrrp/VRRPPacket.go:91.38,93.4 1 1
github.com/jwmu/VRRP-go/vrrp/VRRPPacket.go:94.3,94.57 1 1
github.com/jwmu/VRRP-go/vrrp/VRRPPacket.go:95.10,96.70 1 1
github.com/jwmu/VRRP-go/vrrp/VRRPPacket.go:100.45,102.2 1 1
github.com/jwmu/VRRP-go/vrrp/VRRPPacket.go:104.59,106.2 1 1
github.com/jwmu/VRRP-go/vrrp/VRRPPacket.go:108.42,110.2 1 1
github.com/jwmu/VRRP-go/vrrp/VRRPPacket.go:112.37,114.2 1 1
github.com/jwmu/VRRP-go/vrrp/VRRPPacket.go:116.53,118.2 1 1
github.com/jwmu/VRRP-go/vrrp/VRRPPacket.go:120.68,122.2 1 1
github.com/jwmu/VRRP-go/vrrp/VRRPPacket.go:124.46,126.2 1 1
github.com/jwmu/VRRP-go/vrrp/VRRPPacket.go:128.54,130.2 1 1
github.com/jwmu/VRRP-go/vrrp/VRRPPacket.go:132.51,134.2 1 1
github.com/jwmu/VRRP-go/vrrp/VRRPPacket.go:136.56,138.2 1 1
github.com/jwmu/VRRP-go/vrrp/VRRPPacket.go:140.61,142.2 1 1
github.com/jwmu/VRRP-go/vrrp/VRRPPacket.go:144.69,147.2 2 1
github.com/jwmu/VRRP-go/vrrp/VRRPPacket.go:149.48,151.2 1 1
github.com/jwmu/VRRP-go/vrrp/VRRPPacket.go:153.60,154.70 1 1
github.com/jwmu/VRRP-go/vrrp/VRRPPacket.go:154.70,156.3 1 1
github.com/jwmu/VRRP-go/vrrp/VRRPPacket.go:157.2,162.12 6 1
github.com/jwmu/VRRP-go/vrrp/VRRPPacket.go:162.12,166.3 3 1
github.com/jwmu/VRRP-go/vrrp/VRRPPacket.go:167.2,167.11 1 1
github.com/jwmu/VRRP-go/vrrp/VRRPPacket.go:167.11,169.3 1 0
github.com/jwmu/VRRP-go/vrrp/VRRPPacket.go:170.2,170.22 1 1
github.com/jwmu/VRRP-go/vrrp/VRRPPacket.go:170.22,172.3 1 1
github.com/jwmu/VRRP-go/vrrp/VRRPPacket.go:173.2,175.30 3 1
github.com/jwmu/VRRP-go/vrrp/VRRPPacket.go:178.70,179.70 1 1
github.com/jwmu/VRRP-go/vrrp/VRRPPacket.go:179.70,181.3 1 1
github.com/jwmu/VRRP-go/vrrp/VRRPPacket.go:182.2,187.12 6 1
github.com/jwmu/VRRP-go/vrrp/VRRPPacket.go:187.12,191.3 3 1
github.com/jwmu/VRRP-go/vrrp/VRRPPacket.go:192.2,192.11 1 1
github.com/jwmu/VRRP-go/vrrp/VRRPPacket.go:192.11,194.3 1 0
github.com/jwmu/VRRP-go/vrrp/VRRPPacket.go:195.2,195.22 1 1
github.com/jwmu/VRRP-go/vrrp/VRRPPacket.go:195.22,197.3 1 1
github.com/jwmu/VRRP-go/vrrp/VRRPPacket.go:198.2,198.26 1 1
github.com/jwmu/VRRP-go/vrrp/VRRPPacket.go:198.26,200.3 1 1
github.com/jwmu/VRRP-go/vrrp/VRRPPacket.go:200.8,202.3 1 1
github.com/jwmu/VRRP-go/vrrp/VRRPPacket.go:205.44,208.38 3 1
github.com/jwmu/VRRP-go/vrrp/VRRPPacket.go:208.38,210.3 1 1
github.com/jwmu/VRRP-go/vrrp/VRRPPacket.go:211.2,211.16 1 1
github.com/jwmu/VRRP-go/vrrp/VirtualRouter.go:65.93,66.15 1 0
github.com/jwmu/VRRP-go/vrrp/VirtualRouter.go:66.15,68.3 1 0
github.com/jwmu/VRRP-go/vrrp/VirtualRouter.go:69.2,69.34 1 0
github.com/jwmu/VRRP-go/vrrp/VirtualRouter.go:69.34,71.3 1 0
github.com/jwmu/VRRP-go/vrrp/VirtualRouter.go:72.2,76.23 5 0
github.com/jwmu/VRRP-go/vrrp/VirtualRouter.go:76.23,78.3 1 0
github.com/jwmu/VRRP-go/vrrp/VirtualRouter.go:79.2,90.11 7 0
github.com/jwmu/VRRP-go/vrrp/VirtualRouter.go:90.11,92.3 1 0
github.com/jwmu/VRRP-go/vrrp/VirtualRouter.go:93.2,114.77 19 0
github.com/jwmu/VRRP-go/vrrp/VirtualRouter.go:114.77,117.3 2 0
github.com/jwmu/VRRP-go/vrrp/VirtualRouter.go:117.8,119.3 1 0
github.com/jwmu/VRRP-go/vrrp/VirtualRouter.go:120.2,120.18 1 0
github.com/jwmu/VRRP-go/vrrp/VirtualRouter.go:120.18,123.34 2 0
github.com/jwmu/VRRP-go/vrrp/VirtualRouter.go:123.34,126.18 3 0
github.com/jwmu/VRRP-go/vrrp/VirtualRouter.go:126.18,128.5 1 0
github.com/jwmu/VRRP-go/vrrp/VirtualRouter.go:130.8,133.34 2 0
github.com/jwmu/VRRP-go/vrrp/VirtualRouter.go:133.34,136.18 3 0
github.com/jwmu/VRRP-go/vrrp/VirtualRouter.go:136.18,138.5 1 0
github.com/jwmu/VRRP-go/vrrp/VirtualRouter.go:141.2,142.16 2 0
github.com/jwmu/VRRP-go/vrrp/VirtualRouter.go:146.67,147.13 1 1
github.com/jwmu/VRRP-go/vrrp/VirtualRouter.go:147.13,149.3 1 1
github.com/jwmu/VRRP-go/vrrp/VirtualRouter.go:150.2,151.10 2 1
github.com/jwmu/VRRP-go/vrrp/VirtualRouter.go:154.79,155.36 1 1
github.com/jwmu/VRRP-go/vrrp/VirtualRouter.go:155.36,156.44 1 1
github.com/jwmu/VRRP-go/vrrp/VirtualRouter.go:158.2,159.10 2 1
github.com/jwmu/VRRP-go/vrrp/VirtualRouter.go:162.111,164.36 2 1
github.com/jwmu/VRRP-go/vrrp/VirtualRouter.go:164.36,165.44 1 1
github.com/jwmu/VRRP-go/vrrp/VirtualRouter.go:167.2,168.10 2 1
github.com/jwmu/VRRP-go/vrrp/VirtualRouter.go:171.78,177.2 4 1
github.com/jwmu/VRRP-go/vrrp/VirtualRouter.go:179.66,182.2 2 1
github.com/jwmu/VRRP-go/vrrp/VirtualRouter.go:184.77,185.15 1 1
github.com/jwmu/VRRP-go/vrrp/VirtualRouter.go:185.15,186.45 1 1
github.com/jwmu/VRRP-go/vrrp/VirtualRouter.go:188.2,189.10 2 1
github.com/jwmu/VRRP-go/vrrp/VirtualRouter.go:192.100,193.19 1 1
github.com/jwmu/VRRP-go/vrrp/VirtualRouter.go:194.48,195.30 1 1
github.com/jwmu/VRRP-go/vrrp/VirtualRouter.go:196.10,197.118 1 1
github.com/jwmu/VRRP-go/vrrp/VirtualRouter.go:199.2,199.10 1 1
github.com/jwmu/VRRP-go/vrrp/VirtualRouter.go:202.97,203.18 1 1
github.com/jwmu/VRRP-go/vrrp/VirtualRouter.go:203.18,206.3 2 1
github.com/jwmu/VRRP-go/vrrp/VirtualRouter.go:207.2,208.10 2 1
github.com/jwmu/VRRP-go/vrrp/VirtualRouter.go:211.74,214.2 2 1
github.com/jwmu/VRRP-go/vrrp/VirtualRouter.go:216.68,220.16 4 1
github.com/jwmu/VRRP-go/vrrp/VirtualRouter.go:220.16,223.3 2 0
github.com/jwmu/VRRP-go/vrrp/VirtualRouter.go:224.2,224.42 1 1
github.com/jwmu/VRRP-go/vrrp/VirtualRouter.go:224.42,227.3 2 1
github.com/jwmu/VRRP-go/vrrp/VirtualRouter.go:228.2,230.12 3 1
github.com/jwmu/VRRP-go/vrrp/VirtualRouter.go:233.78,234.30 1 1
github.com/jwmu/VRRP-go/vrrp/VirtualRouter.go:234.30,236.3 1 1
github.com/jwmu/VRRP-go/vrrp/VirtualRouter.go:237.2,237.34 1 1
github.com/jwmu/VRRP-go/vrrp/VirtualRouter.go:240.53,245.2 4 1
github.com/jwmu/VRRP-go/vrrp/VirtualRouter.go:247.56,251.2 3 1
github.com/jwmu/VRRP-go/vrrp/VirtualRouter.go:253.46,254.45 1 0
github.com/jwmu/VRRP-go/vrrp/VirtualRouter.go:254.45,256.3 1 0
github.com/jwmu/VRRP-go/vrrp/VirtualRouter.go:257.2,257.36 1 0
github.com/jwmu/VRRP-go/vrrp/VirtualRouter.go:260.56,262.16 2 0
github.com/jwmu/VRRP-go/vrrp/VirtualRouter.go:262.16,264.3 1 0
github.com/jwmu/VRRP-go/vrrp/VirtualRouter.go:265.2,265.36 1 0
github.com/jwmu/VRRP-go/vrrp/VirtualRouter.go:265.36,267.3 1 0
github.com/jwmu/VRRP-go/vrrp/VirtualRouter.go:268.2,269.16 2 0
github.com/jwmu/VRRP-go/vrrp/VirtualRouter.go:269.16,271.3 1 0
github.com/jwmu/VRRP-go/vrrp/VirtualRouter.go:272.2,272.66 1 0
github.com/jwmu/VRRP-go/vrrp/VirtualRouter.go:275.51,278.42 3 1
github.com/jwmu/VRRP-go/vrrp/VirtualRouter.go:278.42,281.3 2 1
github.com/jwmu/VRRP-go/vrrp/VirtualRouter.go:281.8,283.3 1 1
github.com/jwmu/VRRP-go/vrrp/VirtualRouter.go:286.45,287.22 1 1
github.com/jwmu/VRRP-go/vrrp/VirtualRouter.go:287.22,289.3 1 1
github.com/jwmu/VRRP-go/vrrp/VirtualRouter.go:295.2,295.46 1 1
github.com/jwmu/VRRP-go/vrrp/VirtualRouter.go:295.46,296.39 1 1
github.com/jwmu/VRRP-go/vrrp/VirtualRouter.go:296.39,298.88 2 1
github.com/jwmu/VRRP-go/vrrp/VirtualRouter.go:298.88,300.5 1 0
github.com/jwmu/VRRP-go/vrrp/VirtualRouter.go:300.10,302.5 1 1
github.com/jwmu/VRRP-go/vrrp/VirtualRouter.go:304.8,307.79 2 1
github.com/jwmu/VRRP-go/vrrp/VirtualRouter.go:307.79,309.4 1 0
github.com/jwmu/VRRP-go/vrrp/VirtualRouter.go:314.58,316.20 2 1
github.com/jwmu/VRRP-go/vrrp/VirtualRouter.go:316.20,318.3 1 1
github.com/jwmu/VRRP-go/vrrp/VirtualRouter.go:318.8,320.3 1 1
github.com/jwmu/VRRP-go/vrrp/VirtualRouter.go:321.2,321.49 1 1
github.com/jwmu/VRRP-go/vrrp/VirtualRouter.go:324.83,331.36 7 1
github.com/jwmu/VRRP-go/vrrp/VirtualRouter.go:331.36,333.3 1 1
github.com/jwmu/VRRP-go/vrrp/VirtualRouter.go:334.2,340.16 7 1
github.com/jwmu/VRRP-go/vrrp/VirtualRouter.go:344.43,345.6 1 0
github.com/jwmu/VRRP-go/vrrp/VirtualRouter.go:345.6,346.80 1 0
github.com/jwmu/VRRP-go/vrrp/VirtualRouter.go:346.80,347.22 1 0
github.com/jwmu/VRRP-go/vrrp/VirtualRouter.go:347.22,349.5 1 0
github.com/jwmu/VRRP-go/vrrp/VirtualRouter.go:350.4,350.87 1 0
github.com/jwmu/VRRP-go/vrrp/VirtualRouter.go:351.9,353.45 1 0
github.com/jwmu/VRRP-go/vrrp/VirtualRouter.go:353.45,355.13 2 0
github.com/jwmu/VRRP-go/vrrp/VirtualRouter.go:359.4,359.48 1 0
github.com/jwmu/VRRP-go/vrrp/VirtualRouter.go:359.48,360.28 1 0
github.com/jwmu/VRRP-go/vrrp/VirtualRouter.go:360.28,362.14 2 0
github.com/jwmu/VRRP-go/vrrp/VirtualRouter.go:364.5,366.41 3 0
github.com/jwmu/VRRP-go/vrrp/VirtualRouter.go:366.41,367.30 1 0
github.com/jwmu/VRRP-go/vrrp/VirtualRouter.go:367.30,369.12 2 0
github.com/jwmu/VRRP-go/vrrp/VirtualRouter.go:372.5,372.19 1 0
github.com/jwmu/VRRP-go/vrrp/VirtualRouter.go:372.19,374.14 2 0
github.com/jwmu/VRRP-go/vrrp/VirtualRouter.go:378.4,378.11 1 0
github.com/jwmu/VRRP-go/vrrp/VirtualRouter.go:379.33,379.33 0 0
github.com/jwmu/VRRP-go/vrrp/VirtualRouter.go:380.24,381.11 1 0
github.com/jwmu/VRRP-go/vrrp/VirtualRouter.go:388.44,390.2 1 1
github.com/jwmu/VRRP-go/vrrp/VirtualRouter.go:392.44,393.34 1 1
github.com/jwmu/VRRP-go/vrrp/VirtualRouter.go:393.34,395.3 1 1
github.com/jwmu/VRRP-go/vrrp/VirtualRouter.go:396.2,396.30 1 1
github.com/jwmu/VRRP-go/vrrp/VirtualRouter.go:399.47,400.30 1 1
github.com/jwmu/VRRP-go/vrrp/VirtualRouter.go:400.30,402.3 1 1
github.com/jwmu/VRRP-go/vrrp/VirtualRouter.go:402.8,404.3 1 1
github.com/jwmu/VRRP-go/vrrp/VirtualRouter.go:407.47,408.30 1 1
github.com/jwmu/VRRP-go/vrrp/VirtualRouter.go:408.30,410.3 1 1
github.com/jwmu/VRRP-go/vrrp/VirtualRouter.go:411.2,414.31 2 1
github.com/jwmu/VRRP-go/vrrp/VirtualRouter.go:414.31,415.10 1 1
github.com/jwmu/VRRP-go/vrrp/VirtualRouter.go:416.30,416.30 0 0
github.com/jwmu/VRRP-go/vrrp/VirtualRouter.go:417.11,417.11 0 1
github.com/jwmu/VRRP-go/vrrp/VirtualRouter.go:419.3,419.103 1 1
github.com/jwmu/VRRP-go/vrrp/VirtualRouter.go:423.48,424.30 1 1
github.com/jwmu/VRRP-go/vrrp/VirtualRouter.go:424.30,427.3 2 1
github.com/jwmu/VRRP-go/vrrp/VirtualRouter.go:428.2,429.84 2 1
github.com/jwmu/VRRP-go/vrrp/VirtualRouter.go:432.58,433.30 1 1
github.com/jwmu/VRRP-go/vrrp/VirtualRouter.go:433.30,436.3 2 1
github.com/jwmu/VRRP-go/vrrp/VirtualRouter.go:437.2,438.74 2 1
github.com/jwmu/VRRP-go/vrrp/VirtualRouter.go:441.49,442.25 1 1
github.com/jwmu/VRRP-go/vrrp/VirtualRouter.go:442.25,444.3 1 1
github.com/jwmu/VRRP-go/vrrp/VirtualRouter.go:445.2,445.32 1 1
github.com/jwmu/VRRP-go/vrrp/VirtualRouter.go:445.32,448.3 2 1
github.com/jwmu/VRRP-go/vrrp/VirtualRouter.go:449.2,449.33 1 1
github.com/jwmu/VRRP-go/vrrp/VirtualRouter.go:449.33,450.10 1 0
github.com/jwmu/VRRP-go/vrrp/VirtualRouter.go:451.32,451.32 0 0
github.com/jwmu/VRRP-go/vrrp/VirtualRouter.go:452.11,452.11 0 0
github.com/jwmu/VRRP-go/vrrp/VirtualRouter.go:455.2,455.43 1 1
github.com/jwmu/VRRP-go/vrrp/VirtualRouter.go:458.49,459.32 1 1
github.com/jwmu/VRRP-go/vrrp/VirtualRouter.go:459.32,462.3 2 1
github.com/jwmu/VRRP-go/vrrp/VirtualRouter.go:463.2,463.33 1 1
github.com/jwmu/VRRP-go/vrrp/VirtualRouter.go:463.33,464.10 1 1
github.com/jwmu/VRRP-go/vrrp/VirtualRouter.go:465.32,465.32 0 1
github.com/jwmu/VRRP-go/vrrp/VirtualRouter.go:466.11,466.11 0 1
github.com/jwmu/VRRP-go/vrrp/VirtualRouter.go:469.2,470.26 2 1
github.com/jwmu/VRRP-go/vrrp/VirtualRouter.go:473.45,475.2 1 1
github.com/jwmu/VRRP-go/vrrp/VirtualRouter.go:477.69,478.31 1 1
github.com/jwmu/VRRP-go/vrrp/VirtualRouter.go:478.31,484.3 4 1
github.com/jwmu/VRRP-go/vrrp/VirtualRouter.go:485.2,485.172 1 1
github.com/jwmu/VRRP-go/vrrp/VirtualRouter.go:485.172,488.24 3 1
github.com/jwmu/VRRP-go/vrrp/VirtualRouter.go:488.24,491.4 2 1
github.com/jwmu/VRRP-go/vrrp/VirtualRouter.go:492.3,492.15 1 1
github.com/jwmu/VRRP-go/vrrp/VirtualRouter.go:494.2,494.156 1 1
github.com/jwmu/VRRP-go/vrrp/VirtualRouter.go:494.156,500.3 4 1
github.com/jwmu/VRRP-go/vrrp/VirtualRouter.go:501.2,501.14 1 0
github.com/jwmu/VRRP-go/vrrp/VirtualRouter.go:504.66,507.6 3 1
github.com/jwmu/VRRP-go/vrrp/VirtualRouter.go:507.6,508.10 1 1
github.com/jwmu/VRRP-go/vrrp/VirtualRouter.go:509.34,511.50 2 0
github.com/jwmu/VRRP-go/vrrp/VirtualRouter.go:511.50,513.5 1 0
github.com/jwmu/VRRP-go/vrrp/VirtualRouter.go:514.11,515.31 1 1
github.com/jwmu/VRRP-go/vrrp/VirtualRouter.go:520.48,521.33 1 1
github.com/jwmu/VRRP-go/vrrp/VirtualRouter.go:521.33,523.3 1 1
github.com/jwmu/VRRP-go/vrrp/VirtualRouter.go:523.8,525.3 1 1
github.com/jwmu/VRRP-go/vrrp/VirtualRouter.go:528.49,531.2 2 1
github.com/jwmu/VRRP-go/vrrp/VirtualRouter.go:533.41,534.33 1 1
github.com/jwmu/VRRP-go/vrrp/VirtualRouter.go:534.33,536.3 1 1
github.com/jwmu/VRRP-go/vrrp/VirtualRouter.go:537.2,537.34 1 1
github.com/jwmu/VRRP-go/vrrp/VirtualRouter.go:537.34,538.10 1 1
github.com/jwmu/VRRP-go/vrrp/VirtualRouter.go:539.33,539.33 0 1
github.com/jwmu/VRRP-go/vrrp/VirtualRouter.go:540.11,540.11 0 1
github.com/jwmu/VRRP-go/vrrp/VirtualRouter.go:545.80,546.51 1 1
github.com/jwmu/VRRP-go/vrrp/VirtualRouter.go:546.51,550.3 3 1
github.com/jwmu/VRRP-go/vrrp/VirtualRouter.go:551.2,553.14 3 1
github.com/jwmu/VRRP-go/vrrp/VirtualRouter.go:556.56,558.17 2 1
github.com/jwmu/VRRP-go/vrrp/VirtualRouter.go:558.17,561.3 1 1
github.com/jwmu/VRRP-go/vrrp/VirtualRouter.go:562.2,563.88 2 1
github.com/jwmu/VRRP-go/vrrp/VirtualRouter.go:566.42,567.30 1 1
github.com/jwmu/VRRP-go/vrrp/VirtualRouter.go:567.30,569.3 1 1
github.com/jwmu/VRRP-go/vrrp/VirtualRouter.go:570.2,570.50 1 1
github.com/jwmu/VRRP-go/vrrp/VirtualRouter.go:570.50,572.3 1 0
github.com/jwmu/VRRP-go/vrrp/VirtualRouter.go:575.45,576.31 1 1
github.com/jwmu/VRRP-go/vrrp/VirtualRouter.go:576.31,578.3 1 1
github.com/jwmu/VRRP-go/vrrp/VirtualRouter.go:579.2,579.51 1 1
github.com/jwmu/VRRP-go/vrrp/VirtualRouter.go:579.51,581.3 1 0
github.com/jwmu/VRRP-go/vrrp/VirtualRouter.go:584.43,585.9 1 1
github.com/jwmu/VRRP-go/vrrp/VirtualRouter.go:586.22,587.14 1 1
github.com/jwmu/VRRP-go/vrrp/VirtualRouter.go:588.10,589.15 1 1
github.com/jwmu/VRRP-go/vrrp/VirtualRouter.go:593.48,594.9 1 1
github.com/jwmu/VRRP-go/vrrp/VirtualRouter.go:595.31,595.31 0 1
github.com/jwmu/VRRP-go/vrrp/VirtualRouter.go:596.10,597.13 1 1
github.com/jwmu/VRRP-go/vrrp/VirtualRouter.go:597.13,598.11 1 1
github.com/jwmu/VRRP-go/vrrp/VirtualRouter.go:599.33,599.33 0 1
github.com/jwmu/VRRP-go/vrrp/VirtualRouter.go:600.24,600.24 0 0
github.com/jwmu/VRRP-go/vrrp/VirtualRouter.go:606.44,608.98 2 0
github.com/jwmu/VRRP-go/vrrp/VirtualRouter.go:608.98,611.3 2 0
github.com/jwmu/VRRP-go/vrrp/VirtualRouter.go:612.2,614.6 2 0
github.com/jwmu/VRRP-go/vrrp/VirtualRouter.go:614.6,615.10 1 0
github.com/jwmu/VRRP-go/vrrp/VirtualRouter.go:616.28,617.43 1 0
github.com/jwmu/VRRP-go/vrrp/VirtualRouter.go:617.43,618.13 1 0
github.com/jwmu/VRRP-go/vrrp/VirtualRouter.go:620.4,622.25 3 0
github.com/jwmu/VRRP-go/vrrp/VirtualRouter.go:622.25,623.18 1 0
github.com/jwmu/VRRP-go/vrrp/VirtualRouter.go:623.18,625.6 1 0
github.com/jwmu/VRRP-go/vrrp/VirtualRouter.go:625.11,627.6 1 0
github.com/jwmu/VRRP-go/vrrp/VirtualRouter.go:629.23,630.10 1 0
github.com/jwmu/VRRP-go/vrrp/VirtualRouter.go:635.43,636.34 1 1
github.com/jwmu/VRRP-go/vrrp/VirtualRouter.go:636.34,638.3 1 1
github.com/jwmu/VRRP-go/vrrp/VirtualRouter.go:639.2,639.30 1 1
github.com/jwmu/VRRP-go/vrrp/VirtualRouter.go:639.30,641.3 1 1
github.com/jwmu/VRRP-go/vrrp/VirtualRouter.go:642.2,642.52 1 1
github.com/jwmu/VRRP-go/vrrp/VirtualRouter.go:642.52,644.3 1 1
github.com/jwmu/VRRP-go/vrrp/VirtualRouter.go:645.2,645.33 1 1
github.com/jwmu/VRRP-go/vrrp/VirtualRouter.go:645.33,647.3 1 1
github.com/jwmu/VRRP-go/vrrp/VirtualRouter.go:650.55,652.23 2 1
github.com/jwmu/VRRP-go/vrrp/VirtualRouter.go:652.23,653.49 1 1
github.com/jwmu/VRRP-go/vrrp/VirtualRouter.go:653.49,655.4 1 0
github.com/jwmu/VRRP-go/vrrp/VirtualRouter.go:657.2,659.67 3 1
github.com/jwmu/VRRP-go/vrrp/VirtualRouter.go:659.67,661.3 1 0
github.com/jwmu/VRRP-go/vrrp/VirtualRouter.go:662.2,662.34 1 1
github.com/jwmu/VRRP-go/vrrp/VirtualRouter.go:662.34,664.3 1 1
github.com/jwmu/VRRP-go/vrrp/VirtualRouter.go:664.8,667.3 2 0
github.com/jwmu/VRRP-go/vrrp/VirtualRouter.go:668.2,668.16 1 1
github.com/jwmu/VRRP-go/vrrp/VirtualRouter.go:668.16,670.3 1 1
github.com/jwmu/VRRP-go/vrrp/VirtualRouter.go:671.2,671.36 1 1
github.com/jwmu/VRRP-go/vrrp/VirtualRouter.go:674.72,675.50 1 1
github.com/jwmu/VRRP-go/vrrp/VirtualRouter.go:675.50,677.3 1 0
github.com/jwmu/VRRP-go/vrrp/VirtualRouter.go:678.2,680.16 3 1
github.com/jwmu/VRRP-go/vrrp/VirtualRouter.go:680.16,682.3 1 1
github.com/jwmu/VRRP-go/vrrp/VirtualRouter.go:683.2,684.16 2 1
github.com/jwmu/VRRP-go/vrrp/VirtualRouter.go:684.16,686.3 1 1
github.com/jwmu/VRRP-go/vrrp/VirtualRouter.go:689.54,691.27 2 1
github.com/jwmu/VRRP-go/vrrp/VirtualRouter.go:691.27,693.28 2 1
github.com/jwmu/VRRP-go/vrrp/VirtualRouter.go:693.28,694.50 1 1
github.com/jwmu/VRRP-go/vrrp/VirtualRouter.go:694.50,696.5 1 0
github.com/jwmu/VRRP-go/vrrp/VirtualRouter.go:697.4,697.59 1 1
github.com/jwmu/VRRP-go/vrrp/VirtualRouter.go:697.59,699.5 1 0
github.com/jwmu/VRRP-go/vrrp/VirtualRouter.go:701.8,703.51 2 1
github.com/jwmu/VRRP-go/vrrp/VirtualRouter.go:703.51,705.4 1 0
github.com/jwmu/VRRP-go/vrrp/VirtualRouter.go:707.2,708.16 2 1
github.com/jwmu/VRRP-go/vrrp/VirtualRouter.go:708.16,710.3 1 1
github.com/jwmu/VRRP-go/vrrp/VirtualRouter.go:713.45,714.27 1 1
github.com/jwmu/VRRP-go/vrrp/VirtualRouter.go:714.27,717.51 3 1
github.com/jwmu/VRRP-go/vrrp/VirtualRouter.go:717.51,719.4 1 0
github.com/jwmu/VRRP-go/vrrp/VirtualRouter.go:720.3,722.49 3 1
github.com/jwmu/VRRP-go/vrrp/VirtualRouter.go:722.49,724.4 1 0
github.com/jwmu/VRRP-go/vrrp/VirtualRouter.go:729.39,730.26 1 1
github.com/jwmu/VRRP-go/vrrp/VirtualRouter.go:730.26,733.3 2 1
github.com/jwmu/VRRP-go/vrrp/VirtualRouter.go:734.2,734.25 1 1
github.com/jwmu/VRRP-go/vrrp/VirtualRouter.go:734.25,735.30 1 1
github.com/jwmu/VRRP-go/vrrp/VirtualRouter.go:735.30,737.4 1 1
github.com/jwmu/VRRP-go/vrrp/VirtualRouter.go:737.9,737.37 1 1
github.com/jwmu/VRRP-go/vrrp/VirtualRouter.go:737.37,739.4 1 1
github.com/jwmu/VRRP-go/vrrp/VirtualRouter.go:741.2,741.14 1 1
github.com/jwmu/VRRP-go/vrrp/VirtualRouter.go:744.55,745.50 1 1
github.com/jwmu/VRRP-go/vrrp/VirtualRouter.go:745.50,747.3 1 0
github.com/jwmu/VRRP-go/vrrp/VirtualRouter.go:748.2,750.16 3 1
github.com/jwmu/VRRP-go/vrrp/VirtualRouter.go:750.16,752.3 1 1
github.com/jwmu/VRRP-go/vrrp/VirtualRouter.go:756.41,757.6 1 1
github.com/jwmu/VRRP-go/vrrp/VirtualRouter.go:757.6,758.18 1 1
github.com/jwmu/VRRP-go/vrrp/VirtualRouter.go:759.13,760.11 1 1
github.com/jwmu/VRRP-go/vrrp/VirtualRouter.go:761.35,762.18 1 1
github.com/jwmu/VRRP-go/vrrp/VirtualRouter.go:763.19,765.12 2 1
github.com/jwmu/VRRP-go/vrrp/VirtualRouter.go:766.25,768.30 2 1
github.com/jwmu/VRRP-go/vrrp/VirtualRouter.go:769.16,771.28 2 0
github.com/jwmu/VRRP-go/vrrp/VirtualRouter.go:771.28,773.15 2 0
github.com/jwmu/VRRP-go/vrrp/VirtualRouter.go:775.6,775.38 1 0
github.com/jwmu/VRRP-go/vrrp/VirtualRouter.go:775.38,778.15 3 0
github.com/jwmu/VRRP-go/vrrp/VirtualRouter.go:780.6,781.38 2 0
github.com/jwmu/VRRP-go/vrrp/VirtualRouter.go:784.15,786.11 1 1
github.com/jwmu/VRRP-go/vrrp/VirtualRouter.go:787.35,788.26 1 1
github.com/jwmu/VRRP-go/vrrp/VirtualRouter.go:788.26,798.6 7 1
github.com/jwmu/VRRP-go/vrrp/VirtualRouter.go:799.5,799.32 1 1
github.com/jwmu/VRRP-go/vrrp/VirtualRouter.go:799.32,802.6 2 1
github.com/jwmu/VRRP-go/vrrp/VirtualRouter.go:803.35,804.26 1 1
github.com/jwmu/VRRP-go/vrrp/VirtualRouter.go:805.34,806.60 1 1
github.com/jwmu/VRRP-go/vrrp/VirtualRouter.go:806.60,808.6 1 0
github.com/jwmu/VRRP-go/vrrp/VirtualRouter.go:809.5,809.47 1 1
github.com/jwmu/VRRP-go/vrrp/VirtualRouter.go:810.35,811.137 1 1
github.com/jwmu/VRRP-go/vrrp/VirtualRouter.go:811.137,818.54 5 1
github.com/jwmu/VRRP-go/vrrp/VirtualRouter.go:818.54,820.7 1 0
github.com/jwmu/VRRP-go/vrrp/VirtualRouter.go:821.6,822.39 2 1
github.com/jwmu/VRRP-go/vrrp/VirtualRouter.go:826.15,828.34 2 1
github.com/jwmu/VRRP-go/vrrp/VirtualRouter.go:828.34,830.5 1 1
github.com/jwmu/VRRP-go/vrrp/VirtualRouter.go:831.4,831.11 1 1
github.com/jwmu/VRRP-go/vrrp/VirtualRouter.go:832.35,833.26 1 1
github.com/jwmu/VRRP-go/vrrp/VirtualRouter.go:833.26,837.6 3 1
github.com/jwmu/VRRP-go/vrrp/VirtualRouter.go:838.5,838.32 1 1
github.com/jwmu/VRRP-go/vrrp/VirtualRouter.go:838.32,841.6 2 1
github.com/jwmu/VRRP-go/vrrp/VirtualRouter.go:842.35,843.33 1 1
github.com/jwmu/VRRP-go/vrrp/VirtualRouter.go:844.31,845.35 1 1
github.com/jwmu/VRRP-go/vrrp/VirtualRouter.go:845.35,846.14 1 0
github.com/jwmu/VRRP-go/vrrp/VirtualRouter.go:848.5,848.33 1 1
github.com/jwmu/VRRP-go/vrrp/VirtualRouter.go:849.30,850.36 1 1
github.com/jwmu/VRRP-go/vrrp/VirtualRouter.go:850.36,851.14 1 0
github.com/jwmu/VRRP-go/vrrp/VirtualRouter.go:853.5,853.33 1 1
github.com/jwmu/VRRP-go/vrrp/VirtualRouter.go:855.14,856.11 1 1
github.com/jwmu/VRRP-go/vrrp/VirtualRouter.go:857.35,858.26 1 1
github.com/jwmu/VRRP-go/vrrp/VirtualRouter.go:858.26,863.6 4 1
github.com/jwmu/VRRP-go/vrrp/VirtualRouter.go:864.5,864.30 1 1
github.com/jwmu/VRRP-go/vrrp/VirtualRouter.go:864.30,866.38 2 1
github.com/jwmu/VRRP-go/vrrp/VirtualRouter.go:866.38,869.15 3 1
github.com/jwmu/VRRP-go/vrrp/VirtualRouter.go:871.6,872.39 2 1
github.com/jwmu/VRRP-go/vrrp/VirtualRouter.go:874.25,875.13 1 1
github.com/jwmu/VRRP-go/vrrp/VirtualRouter.go:881.51,884.12 3 0
github.com/jwmu/VRRP-go/vrrp/VirtualRouter.go:884.12,886.3 1 0
github.com/jwmu/VRRP-go/vrrp/VirtualRouter.go:888.2,888.20 1 0
github.com/jwmu/VRRP-go/vrrp/VirtualRouter.go:891.33,892.31 1 1
github.com/jwmu/VRRP-go/vrrp/VirtualRouter.go:892.31,893.10 1 1
github.com/jwmu/VRRP-go/vrrp/VirtualRouter.go:894.36,894.36 0 1
github.com/jwmu/VRRP-go/vrrp/VirtualRouter.go:895.11,896.14 1 1
github.com/jwmu/VRRP-go/vrrp/VirtualRouter.go:896.14,897.12 1 1
github.com/jwmu/VRRP-go/vrrp/VirtualRouter.go:898.38,898.38 0 0
github.com/jwmu/VRRP-go/vrrp/VirtualRouter.go:899.26,899.26 0 1
github.com/jwmu/VRRP-go/vrrp/VirtualRouter.go:909.70,910.42 1 1
github.com/jwmu/VRRP-go/vrrp/VirtualRouter.go:910.42,913.3 2 1
github.com/jwmu/VRRP-go/vrrp/VirtualRouter.go:914.2,915.13 2 0
github.com/jwmu/VRRP-go/vrrp/VirtualRouter.go:915.13,917.3 1 0
github.com/jwmu/VRRP-go/vrrp/VirtualRouter.go:917.8,919.3 1 0
github.com/jwmu/VRRP-go/vrrp/VirtualRouter.go:920.2,921.21 2 0
github.com/jwmu/VRRP-go/vrrp/VirtualRouter.go:921.21,923.21 1 0
github.com/jwmu/VRRP-go/vrrp/VirtualRouter.go:923.21,925.4 1 0
github.com/jwmu/VRRP-go/vrrp/VirtualRouter.go:925.9,927.4 1 0
github.com/jwmu/VRRP-go/vrrp/VirtualRouter.go:928.8,930.21 1 0
github.com/jwmu/VRRP-go/vrrp/VirtualRouter.go:930.21,932.4 1 0
github.com/jwmu/VRRP-go/vrrp/VirtualRouter.go:932.9,934.4 1 0
github.com/jwmu/VRRP-go/vrrp/VirtualRouter.go:936.2,936.16 1 0
github.com/jwmu/VRRP-go/vrrp/VirtualRouter.go:936.16,938.3 1 0
github.com/jwmu/VRRP-go/vrrp/VirtualRouter.go:939.2,939.11 1 0
github.com/jwmu/VRRP-go/vrrp/VirtualRouter.go:943.47,945.2 1 1
github.com/jwmu/VRRP-go/vrrp/VirtualRouter.go:950.69,952.42 1 1
github.com/jwmu/VRRP-go/vrrp/VirtualRouter.go:952.42,955.3 2 1
github.com/jwmu/VRRP-go/vrrp/VirtualRouter.go:956.2,956.42 1 1
github.com/jwmu/VRRP-go/vrrp/VirtualRouter.go:956.42,959.3 2 1
github.com/jwmu/VRRP-go/vrrp/VirtualRouter.go:962.2,962.47 1 1
github.com/jwmu/VRRP-go/vrrp/VirtualRouter.go:962.47,963.31 1 1
github.com/jwmu/VRRP-go/vrrp/VirtualRouter.go:963.31,966.4 2 1
github.com/jwmu/VRRP-go/vrrp/VirtualRouter.go:969.2,971.11 3 1
github.com/jwmu/VRRP-go/vrrp/VirtualRouter.go:975.72,976.47 1 1
github.com/jwmu/VRRP-go/vrrp/VirtualRouter.go:976.47,977.31 1 1
github.com/jwmu/VRRP-go/vrrp/VirtualRouter.go:977.31,981.4 3 1
github.com/jwmu/VRRP-go/vrrp/VirtualRouter.go:983.2,984.11 2 1
github.com/jwmu/VRRP-go/vrrp/VirtualRouter.go:988.61,992.2 3 1
github.com/jwmu/VRRP-go/vrrp/VirtualRouter.go:995.53,999.2 3 1
github.com/jwmu/VRRP-go/vrrp/constants.go:16.38,17.11 1 1
github.com/jwmu/VRRP-go/vrrp/constants.go:18.14,19.24 1 1
github.com/jwmu/VRRP-go/vrrp/constants.go:20.14,21.24 1 1
github.com/jwmu/VRRP-go/vrrp/constants.go:22.14,23.24 1 1
github.com/jwmu/VRRP-go/vrrp/constants.go:24.10,25.32 1 1
github.com/jwmu/VRRP-go/vrrp/constants.go:61.32,62.11 1 1
github.com/jwmu/VRRP-go/vrrp/constants.go:63.13,64.17 1 1
github.com/jwmu/VRRP-go/vrrp/constants.go:65.16,66.20 1 1
github.com/jwmu/VRRP-go/vrrp/constants.go:67.20,68.24 1 1
github.com/jwmu/VRRP-go/vrrp/constants.go:69.22,70.26 1 1
github.com/jwmu/VRRP-go/vrrp/constants.go:71.10,72.25 1 1
github.com/jwmu/VRRP-go/vrrp/constants.go:86.49,87.11 1 1
github.com/jwmu/VRRP-go/vrrp/constants.go:88.28,89.19 1 1
github.com/jwmu/VRRP-go/vrrp/constants.go:90.26,91.17 1 1
github.com/jwmu/VRRP-go/vrrp/constants.go:92.10,93.19 1 1
github.com/jwmu/VRRP-go/vrrp/constants.go:99.37,100.11 1 1
github.com/jwmu/VRRP-go/vrrp/constants.go:101.21,102.28 1 1
github.com/jwmu/VRRP-go/vrrp/constants.go:103.21,104.28 1 1
github.com/jwmu/VRRP-go/vrrp/constants.go:105.19,106.26 1 1
github.com/jwmu/VRRP-go/vrrp/constants.go:107.19,108.26 1 1
github.com/jwmu/VRRP-go/vrrp/constants.go:109.19,110.26 1 1
github.com/jwmu/VRRP-go/vrrp/constants.go:111.19,112.26 1 1
github.com/jwmu/VRRP-go/vrrp/constants.go:113.20,114.27 1 1
github.com/jwmu/VRRP-go/vrrp/constants.go:115.20,116.27 1 1
github.com/jwmu/VRRP-go/vrrp/constants.go:117.18,118.25 1 1
github.com/jwmu/VRRP-go/vrrp/constants.go:119.20,120.27 1 1
github.com/jwmu/VRRP-go/vrrp/constants.go:121.20,122.27 1 1
github.com/jwmu/VRRP-go/vrrp/constants.go:123.10,124.30 1 1
github.com/jwmu/VRRP-go/vrrp/heartbeat_state.go:10.60,15.2 1 1
github.com/jwmu/VRRP-go/vrrp/heartbeat_state.go:17.51,20.2 2 1
github.com/jwmu/VRRP-go/vrrp/heartbeat_state.go:22.51,25.2 2 1
github.com/jwmu/VRRP-go/vrrp/heartbeat_state.go:27.40,29.2 1 1
github.com/jwmu/VRRP-go/vrrp/heartbeat_state.go:31.86,32.29 1 1
github.com/jwmu/VRRP-go/vrrp/heartbeat_state.go:32.29,33.31 1 1
github.com/jwmu/VRRP-go/vrrp/heartbeat_state.go:34.19,35.82 1 1
github.com/jwmu/VRRP-go/vrrp/heartbeat_state.go:35.82,37.5 1 1
github.com/jwmu/VRRP-go/vrrp/heartbeat_state.go:38.20,39.82 1 1
github.com/jwmu/VRRP-go/vrrp/heartbeat_state.go:39.82,41.5 1 1
github.com/jwmu/VRRP-go/vrrp/heartbeat_state.go:42.11,44.18 2 1
github.com/jwmu/VRRP-go/vrrp/heartbeat_state.go:44.18,45.13 1 1
github.com/jwmu/VRRP-go/vrrp/heartbeat_state.go:47.4,47.70 1 1
github.com/jwmu/VRRP-go/vrrp/heartbeat_state.go:47.70,49.5 1 1
github.com/jwmu/VRRP-go/vrrp/heartbeat_state.go:52.2,52.14 1 1
github.com/jwmu/VRRP-go/vrrp/heartbeat_state.go:55.62,56.17 1 1
github.com/jwmu/VRRP-go/vrrp/heartbeat_state.go:57.12,58.25 1 1
github.com/jwmu/VRRP-go/vrrp/heartbeat_state.go:59.12,60.45 1 1
github.com/jwmu/VRRP-go/vrrp/heartbeat_state.go:61.10,62.15 1 1
github.com/jwmu/VRRP-go/vrrp/heartbeat_subscribe_linux.go:18.123,20.16 2 0
github.com/jwmu/VRRP-go/vrrp/heartbeat_subscribe_linux.go:20.16,22.3 1 0
github.com/jwmu/VRRP-go/vrrp/heartbeat_subscribe_linux.go:23.2,24.18 2 0
github.com/jwmu/VRRP-go/vrrp/heartbeat_subscribe_linux.go:24.18,26.3 1 0
github.com/jwmu/VRRP-go/vrrp/heartbeat_subscribe_linux.go:27.2,30.60 3 0
github.com/jwmu/VRRP-go/vrrp/heartbeat_subscribe_linux.go:30.60,32.3 1 0
github.com/jwmu/VRRP-go/vrrp/heartbeat_subscribe_linux.go:34.2,35.60 2 0
github.com/jwmu/VRRP-go/vrrp/heartbeat_subscribe_linux.go:35.60,37.3 1 0
github.com/jwmu/VRRP-go/vrrp/heartbeat_subscribe_linux.go:39.2,41.12 2 0
github.com/jwmu/VRRP-go/vrrp/heartbeat_subscribe_linux.go:41.12,42.7 1 0
github.com/jwmu/VRRP-go/vrrp/heartbeat_subscribe_linux.go:42.7,43.11 1 0
github.com/jwmu/VRRP-go/vrrp/heartbeat_subscribe_linux.go:44.32,45.12 1 0
github.com/jwmu/VRRP-go/vrrp/heartbeat_subscribe_linux.go:45.12,47.6 1 0
github.com/jwmu/VRRP-go/vrrp/heartbeat_subscribe_linux.go:48.5,48.35 1 0
github.com/jwmu/VRRP-go/vrrp/heartbeat_subscribe_linux.go:48.35,49.14 1 0
github.com/jwmu/VRRP-go/vrrp/heartbeat_subscribe_linux.go:51.5,52.12 2 0
github.com/jwmu/VRRP-go/vrrp/heartbeat_subscribe_linux.go:53.75,53.75 0 0
github.com/jwmu/VRRP-go/vrrp/heartbeat_subscribe_linux.go:54.17,55.12 1 0
github.com/jwmu/VRRP-go/vrrp/heartbeat_subscribe_linux.go:57.32,58.12 1 0
github.com/jwmu/VRRP-go/vrrp/heartbeat_subscribe_linux.go:58.12,60.6 1 0
github.com/jwmu/VRRP-go/vrrp/heartbeat_subscribe_linux.go:61.5,61.34 1 0
github.com/jwmu/VRRP-go/vrrp/heartbeat_subscribe_linux.go:61.34,62.14 1 0
github.com/jwmu/VRRP-go/vrrp/heartbeat_subscribe_linux.go:64.5,65.12 2 0
github.com/jwmu/VRRP-go/vrrp/heartbeat_subscribe_linux.go:66.75,66.75 0 0
github.com/jwmu/VRRP-go/vrrp/heartbeat_subscribe_linux.go:67.17,68.12 1 0
github.com/jwmu/VRRP-go/vrrp/heartbeat_subscribe_linux.go:70.16,71.11 1 0
github.com/jwmu/VRRP-go/vrrp/heartbeat_subscribe_linux.go:75.2,75.12 1 0
github.com/jwmu/VRRP-go/vrrp/heartbeat_subscribe_linux.go:78.71,80.16 2 0
github.com/jwmu/VRRP-go/vrrp/heartbeat_subscribe_linux.go:80.16,82.3 1 0
github.com/jwmu/VRRP-go/vrrp/heartbeat_subscribe_linux.go:84.2,85.17 2 0
github.com/jwmu/VRRP-go/vrrp/heartbeat_subscribe_linux.go:86.12,87.29 1 0
github.com/jwmu/VRRP-go/vrrp/heartbeat_subscribe_linux.go:88.12,89.29 1 0
github.com/jwmu/VRRP-go/vrrp/heartbeat_subscribe_linux.go:92.2,93.16 2 0
github.com/jwmu/VRRP-go/vrrp/heartbeat_subscribe_linux.go:93.16,95.3 1 0
github.com/jwmu/VRRP-go/vrrp/heartbeat_subscribe_linux.go:96.2,96.29 1 0
github.com/jwmu/VRRP-go/vrrp/heartbeat_subscribe_linux.go:96.29,98.16 2 0
github.com/jwmu/VRRP-go/vrrp/heartbeat_subscribe_linux.go:98.16,100.4 1 0
github.com/jwmu/VRRP-go/vrrp/heartbeat_subscribe_linux.go:101.3,101.16 1 0
github.com/jwmu/VRRP-go/vrrp/heartbeat_subscribe_linux.go:101.16,102.12 1 0
github.com/jwmu/VRRP-go/vrrp/heartbeat_subscribe_linux.go:104.3,104.46 1 0
github.com/jwmu/VRRP-go/vrrp/heartbeat_subscribe_linux.go:104.46,105.12 1 0
github.com/jwmu/VRRP-go/vrrp/heartbeat_subscribe_linux.go:107.3,107.27 1 0
github.com/jwmu/VRRP-go/vrrp/heartbeat_subscribe_linux.go:107.27,109.4 1 0
github.com/jwmu/VRRP-go/vrrp/heartbeat_subscribe_linux.go:111.2,111.14 1 0
github.com/jwmu/VRRP-go/vrrp/heartbeat_subscribe_linux.go:114.62,116.2 1 0
github.com/jwmu/VRRP-go/vrrp/heartbeat_subscribe_linux.go:118.46,120.2 1 0
github.com/jwmu/VRRP-go/vrrp/heartbeat_subscribe_linux.go:122.63,123.54 1 0
github.com/jwmu/VRRP-go/vrrp/heartbeat_subscribe_linux.go:123.54,125.3 1 0
github.com/jwmu/VRRP-go/vrrp/heartbeat_subscribe_linux.go:126.2,127.35 2 0
github.com/jwmu/VRRP-go/vrrp/heartbeat_subscribe_linux.go:127.35,129.3 1 0
github.com/jwmu/VRRP-go/vrrp/heartbeat_subscribe_linux.go:130.2,130.42 1 0
github.com/jwmu/VRRP-go/vrrp/heartbeat_subscribe_linux.go:130.42,132.3 1 0
github.com/jwmu/VRRP-go/vrrp/heartbeat_subscribe_linux.go:133.2,133.41 1 0
github.com/jwmu/VRRP-go/vrrp/heartbeat_subscribe_linux.go:133.41,135.3 1 0
github.com/jwmu/VRRP-go/vrrp/heartbeat_subscribe_linux.go:136.2,136.44 1 0
github.com/jwmu/VRRP-go/vrrp/heartbeat_subscribe_linux.go:136.44,138.3 1 0
github.com/jwmu/VRRP-go/vrrp/heartbeat_subscribe_linux.go:139.2,139.42 1 0
github.com/jwmu/VRRP-go/vrrp/heartbeat_subscribe_linux.go:139.42,141.3 1 0
github.com/jwmu/VRRP-go/vrrp/heartbeat_subscribe_linux.go:142.2,142.40 1 0
github.com/jwmu/VRRP-go/vrrp/heartbeat_subscribe_linux.go:142.40,144.3 1 0
github.com/jwmu/VRRP-go/vrrp/heartbeat_subscribe_linux.go:145.2,145.14 1 0
github.com/jwmu/VRRP-go/vrrp/virtual_ip.go:37.71,39.2 1 0
github.com/jwmu/VRRP-go/vrrp/virtual_ip.go:40.58,40.90 1 0
github.com/jwmu/VRRP-go/vrrp/virtual_ip.go:41.58,41.90 1 0
github.com/jwmu/VRRP-go/vrrp/virtual_ip.go:42.92,44.2 1 0
github.com/jwmu/VRRP-go/vrrp/virtual_ip.go:45.62,45.96 1 0
github.com/jwmu/VRRP-go/vrrp/virtual_ip.go:46.62,46.98 1 0
github.com/jwmu/VRRP-go/vrrp/virtual_ip.go:47.78,49.2 1 0
github.com/jwmu/VRRP-go/vrrp/virtual_ip.go:50.78,52.2 1 0
github.com/jwmu/VRRP-go/vrrp/virtual_ip.go:53.71,53.105 1 0
github.com/jwmu/VRRP-go/vrrp/virtual_ip.go:55.65,56.28 1 1
github.com/jwmu/VRRP-go/vrrp/virtual_ip.go:56.28,59.3 2 1
github.com/jwmu/VRRP-go/vrrp/virtual_ip.go:60.2,61.10 2 1
github.com/jwmu/VRRP-go/vrrp/virtual_ip.go:64.40,66.2 1 1
github.com/jwmu/VRRP-go/vrrp/virtual_ip.go:68.45,69.38 1 1
github.com/jwmu/VRRP-go/vrrp/virtual_ip.go:69.38,71.3 1 1
github.com/jwmu/VRRP-go/vrrp/virtual_ip.go:72.2,72.25 1 1
github.com/jwmu/VRRP-go/vrrp/virtual_ip.go:72.25,73.120 1 1
github.com/jwmu/VRRP-go/vrrp/virtual_ip.go:73.120,75.4 1 1
github.com/jwmu/VRRP-go/vrrp/virtual_ip.go:77.2,77.13 1 1
github.com/jwmu/VRRP-go/vrrp/virtual_ip.go:80.64,81.34 1 1
github.com/jwmu/VRRP-go/vrrp/virtual_ip.go:81.34,83.3 1 1
github.com/jwmu/VRRP-go/vrrp/virtual_ip.go:84.2,85.16 2 1
github.com/jwmu/VRRP-go/vrrp/virtual_ip.go:85.16,87.3 1 1
github.com/jwmu/VRRP-go/vrrp/virtual_ip.go:89.2,89.39 1 1
github.com/jwmu/VRRP-go/vrrp/virtual_ip.go:89.39,91.3 1 1
github.com/jwmu/VRRP-go/vrrp/virtual_ip.go:92.2,92.39 1 1
github.com/jwmu/VRRP-go/vrrp/virtual_ip.go:92.39,94.3 1 1
github.com/jwmu/VRRP-go/vrrp/virtual_ip.go:96.2,98.15 3 1
github.com/jwmu/VRRP-go/vrrp/virtual_ip.go:98.15,100.42 2 1
github.com/jwmu/VRRP-go/vrrp/virtual_ip.go:100.42,102.22 2 1
github.com/jwmu/VRRP-go/vrrp/virtual_ip.go:102.22,104.5 1 1
github.com/jwmu/VRRP-go/vrrp/virtual_ip.go:105.4,105.89 1 1
github.com/jwmu/VRRP-go/vrrp/virtual_ip.go:105.89,107.5 1 0
github.com/jwmu/VRRP-go/vrrp/virtual_ip.go:108.4,108.36 1 1
github.com/jwmu/VRRP-go/vrrp/virtual_ip.go:110.3,110.27 1 1
github.com/jwmu/VRRP-go/vrrp/virtual_ip.go:113.2,113.57 1 1
github.com/jwmu/VRRP-go/vrrp/virtual_ip.go:113.57,115.3 1 0
github.com/jwmu/VRRP-go/vrrp/virtual_ip.go:117.2,125.12 4 1
github.com/jwmu/VRRP-go/vrrp/virtual_ip.go:128.53,130.38 2 1
github.com/jwmu/VRRP-go/vrrp/virtual_ip.go:130.38,132.17 2 1
github.com/jwmu/VRRP-go/vrrp/virtual_ip.go:132.17,134.12 2 1
github.com/jwmu/VRRP-go/vrrp/virtual_ip.go:136.3,136.25 1 1
github.com/jwmu/VRRP-go/vrrp/virtual_ip.go:136.25,137.55 1 1
github.com/jwmu/VRRP-go/vrrp/virtual_ip.go:137.55,139.13 2 0
github.com/jwmu/VRRP-go/vrrp/virtual_ip.go:142.3,143.17 2 1
github.com/jwmu/VRRP-go/vrrp/virtual_ip.go:143.17,145.12 2 0
github.com/jwmu/VRRP-go/vrrp/virtual_ip.go:147.3,148.86 2 1
github.com/jwmu/VRRP-go/vrrp/virtual_ip.go:148.86,150.4 1 0
github.com/jwmu/VRRP-go/vrrp/virtual_ip.go:152.2,152.29 1 1
github.com/jwmu/VRRP-go/vrrp/virtual_ip.go:155.55,157.38 2 1
github.com/jwmu/VRRP-go/vrrp/virtual_ip.go:157.38,159.17 2 1
github.com/jwmu/VRRP-go/vrrp/virtual_ip.go:159.17,161.12 2 1
github.com/jwmu/VRRP-go/vrrp/virtual_ip.go:163.3,164.17 2 1
github.com/jwmu/VRRP-go/vrrp/virtual_ip.go:164.17,166.12 2 0
github.com/jwmu/VRRP-go/vrrp/virtual_ip.go:168.3,168.86 1 1
github.com/jwmu/VRRP-go/vrrp/virtual_ip.go:168.86,170.4 1 0
github.com/jwmu/VRRP-go/vrrp/virtual_ip.go:171.3,171.25 1 1
github.com/jwmu/VRRP-go/vrrp/virtual_ip.go:171.25,172.57 1 1
github.com/jwmu/VRRP-go/vrrp/virtual_ip.go:172.57,174.5 1 0
github.com/jwmu/VRRP-go/vrrp/virtual_ip.go:177.2,177.29 1 1
github.com/jwmu/VRRP-go/vrrp/virtual_ip.go:180.53,182.52 2 1
github.com/jwmu/VRRP-go/vrrp/virtual_ip.go:182.52,183.72 1 1
github.com/jwmu/VRRP-go/vrrp/virtual_ip.go:183.72,185.4 1 0
github.com/jwmu/VRRP-go/vrrp/virtual_ip.go:186.3,186.38 1 1
github.com/jwmu/VRRP-go/vrrp/virtual_ip.go:188.2,188.29 1 1
github.com/jwmu/VRRP-go/vrrp/virtual_ip.go:191.94,193.16 2 1
github.com/jwmu/VRRP-go/vrrp/virtual_ip.go:193.16,195.3 1 1
github.com/jwmu/VRRP-go/vrrp/virtual_ip.go:197.2,198.16 2 1
github.com/jwmu/VRRP-go/vrrp/virtual_ip.go:198.16,199.51 1 1
github.com/jwmu/VRRP-go/vrrp/virtual_ip.go:199.51,201.4 1 0
github.com/jwmu/VRRP-go/vrrp/virtual_ip.go:204.2,212.49 2 1
github.com/jwmu/VRRP-go/vrrp/virtual_ip.go:212.49,214.3 1 0
github.com/jwmu/VRRP-go/vrrp/virtual_ip.go:216.2,217.16 2 1
github.com/jwmu/VRRP-go/vrrp/virtual_ip.go:217.16,219.3 1 0
github.com/jwmu/VRRP-go/vrrp/virtual_ip.go:221.2,221.59 1 1
github.com/jwmu/VRRP-go/vrrp/virtual_ip.go:221.59,224.3 2 0
github.com/jwmu/VRRP-go/vrrp/virtual_ip.go:225.2,225.12 1 1
github.com/jwmu/VRRP-go/vrrp/virtual_ip.go:228.64,230.16 2 1
github.com/jwmu/VRRP-go/vrrp/virtual_ip.go:230.16,232.3 1 1
github.com/jwmu/VRRP-go/vrrp/virtual_ip.go:233.2,233.42 1 1
github.com/jwmu/VRRP-go/vrrp/virtual_ip.go:233.42,235.3 1 0
github.com/jwmu/VRRP-go/vrrp/virtual_ip.go:236.2,236.12 1 1
github.com/jwmu/VRRP-go/vrrp/virtual_ip.go:239.41,241.2 1 1
github.com/jwmu/VRRP-go/vrrp/virtual_ip.go:243.41,248.2 1 1
